<?xml version="1.0" encoding="UTF-8"?>
<testsuite name="Login" tests="1" skipped="0" failures="0" errors="0" timestamp="2023-01-30T13:06:02" hostname="SQABOG-SQA-4298" time="14.274">
  <properties/>
  <testcase name="Login User Successfully" classname="Login" time="14.274"/>
  <system-out><![CDATA[
@Login
Scenario: Login User Successfully          ?[90m# src/test/resources/login.feature:4?[0m
08:06:03.125 [Test worker] INFO  i.c.core.plugin.SerenityReporter - Running feature from file:///C:/Users/Usuario/IdeaProjects/PruebaCH/src/test/resources/login.feature
08:06:03.125 [Test worker] WARN  i.c.core.plugin.SerenityReporter - Feature from file:///C:/Users/Usuario/IdeaProjects/PruebaCH/src/test/resources/login.feature is not under the 'features' directory. Requirements report will not be correctly generated!
08:06:03.522 [Test worker] INFO   - 
  _____   ___   ___   _____     ___   _____     _     ___   _____   ___   ___  
 |_   _| | __| / __| |_   _|   / __| |_   _|   /_\   | _ \ |_   _| | __| |   \ 
   | |   | _|  \__ \   | |     \__ \   | |    / _ \  |   /   | |   | _|  | |) |
   |_|   |___| |___/   |_|     |___/   |_|   /_/ \_\ |_|_\   |_|   |___| |___/ 

Login User Successfully(login;login-user-successfully)
--------------------------------------------------------------------------------
08:06:03.522 [Test worker] INFO  n.thucydides.core.model.TestOutcome - SetUserStory Login
08:06:03.530 [Test worker] INFO  n.thucydides.core.model.TestOutcome - SetUserStory Login
08:06:04.122 [Test worker] INFO  n.s.c.w.d.ChromeDriverProvider - Using automatically driver download
08:06:05.116 [Test worker] INFO  i.g.bonigarcia.wdm.WebDriverManager - Using chromedriver 109.0.5414.74 (resolved driver for Chrome 109)
08:06:05.152 [Test worker] INFO  i.g.bonigarcia.wdm.WebDriverManager - Exporting webdriver.chrome.driver as C:\Users\Usuario\.cache\selenium\chromedriver\win32\109.0.5414.74\chromedriver.exe
08:06:05.525 [Test worker] INFO  n.s.c.w.d.ProvideNewDriver - Instantiating driver
08:06:05.526 [Test worker] INFO  n.s.c.w.d.ProvideNewDriver - Driver capabilities: Capabilities {acceptInsecureCerts: false, autodownload: true, browserName: chrome, driver: chrome, goog:chromeOptions: {args: [--start-maximized, --test-type, --no-sandbox, --ignore-certificate-errors, \n                   --disa..., --disable-default-apps, --disable-extensions-file-a..., \n                   --inco..., --disable-infobars,--disabl...], extensions: []}, loggingPrefs: org.openqa.selenium.logging...}
  ?[32mGiven ?[0m?[32mUser want login user to service?[0m    ?[90m# com.demo.serenity.is.testing.register.stepdefinitions.LoginStepDefinition.userWantLoginUserToService()?[0m
  ?[32mWhen ?[0m?[32mThe user inputs data for login?[0m      ?[90m# com.demo.serenity.is.testing.register.stepdefinitions.LoginStepDefinition.theUserInputsDataForLogin()?[0m
  ?[32mThen ?[0m?[32mUser visualize his name in the page?[0m ?[90m# com.demo.serenity.is.testing.register.stepdefinitions.LoginStepDefinition.userVisualizeHisNameInThePage()?[0m
08:06:16.436 [Test worker] INFO   - 
  _____   ___   ___   _____     ___     _     ___   ___   ___   ___  
 |_   _| | __| / __| |_   _|   | _ \   /_\   / __| / __| | __| |   \ 
   | |   | _|  \__ \   | |     |  _/  / _ \  \__ \ \__ \ | _|  | |) |
   |_|   |___| |___/   |_|     |_|   /_/ \_\ |___/ |___/ |___| |___/ 

Login User Successfully
----------------------------------------------------------------------
]]></system-out>
  <system-err><![CDATA[Starting ChromeDriver 109.0.5414.74 (e7c5703604daa9cc128ccf5a5d3e993513758913-refs/branch-heads/5414@{#1172}) on port 18970
Only local connections are allowed.
Please see https://chromedriver.chromium.org/security-considerations for suggestions on keeping ChromeDriver safe.
ChromeDriver was started successfully.
ene. 30, 2023 8:06:08 A. M. org.openqa.selenium.remote.ProtocolHandshake createSession
INFO: Detected dialect: W3C
]]></system-err>
</testsuite>
